<?xml version="1.0" encoding="UTF-8"?>
<testsuite xmlns:xsi="http://www.w3.org/2001/XMLSchema-instance" xsi:noNamespaceSchemaLocation="https://maven.apache.org/surefire/maven-surefire-plugin/xsd/surefire-test-report-3.0.xsd" version="3.0" name="com.danielvflores.writook.controller.AuthCompleteTest" time="1.556" tests="1" errors="0" skipped="0" failures="0">
  <properties>
    <property name="java.specification.version" value="21"/>
    <property name="sun.cpu.isalist" value="amd64"/>
    <property name="sun.jnu.encoding" value="Cp1252"/>
    <property name="java.class.path" value="C:\Users\Daniel\OneDrive\Programming\GitHub Projects\Writook\apps\backend\target\test-classes;C:\Users\Daniel\OneDrive\Programming\GitHub Projects\Writook\apps\backend\target\classes;C:\Users\Daniel\.m2\repository\org\springframework\boot\spring-boot-starter-web\4.0.0-M2\spring-boot-starter-web-4.0.0-M2.jar;C:\Users\Daniel\.m2\repository\org\springframework\boot\spring-boot-starter-jackson\4.0.0-M2\spring-boot-starter-jackson-4.0.0-M2.jar;C:\Users\Daniel\.m2\repository\org\springframework\boot\spring-boot-jackson\4.0.0-M2\spring-boot-jackson-4.0.0-M2.jar;C:\Users\Daniel\.m2\repository\com\fasterxml\jackson\datatype\jackson-datatype-jdk8\2.20.0-rc1\jackson-datatype-jdk8-2.20.0-rc1.jar;C:\Users\Daniel\.m2\repository\com\fasterxml\jackson\datatype\jackson-datatype-jsr310\2.20.0-rc1\jackson-datatype-jsr310-2.20.0-rc1.jar;C:\Users\Daniel\.m2\repository\com\fasterxml\jackson\module\jackson-module-parameter-names\2.20.0-rc1\jackson-module-parameter-names-2.20.0-rc1.jar;C:\Users\Daniel\.m2\repository\org\springframework\boot\spring-boot-starter-tomcat\4.0.0-M2\spring-boot-starter-tomcat-4.0.0-M2.jar;C:\Users\Daniel\.m2\repository\org\springframework\boot\spring-boot-tomcat\4.0.0-M2\spring-boot-tomcat-4.0.0-M2.jar;C:\Users\Daniel\.m2\repository\org\springframework\boot\spring-boot-web-server\4.0.0-M2\spring-boot-web-server-4.0.0-M2.jar;C:\Users\Daniel\.m2\repository\org\apache\tomcat\embed\tomcat-embed-core\11.0.10\tomcat-embed-core-11.0.10.jar;C:\Users\Daniel\.m2\repository\jakarta\annotation\jakarta.annotation-api\3.0.0\jakarta.annotation-api-3.0.0.jar;C:\Users\Daniel\.m2\repository\org\apache\tomcat\embed\tomcat-embed-el\11.0.10\tomcat-embed-el-11.0.10.jar;C:\Users\Daniel\.m2\repository\org\apache\tomcat\embed\tomcat-embed-websocket\11.0.10\tomcat-embed-websocket-11.0.10.jar;C:\Users\Daniel\.m2\repository\org\springframework\boot\spring-boot-http-converter\4.0.0-M2\spring-boot-http-converter-4.0.0-M2.jar;C:\Users\Daniel\.m2\repository\org\springframework\spring-web\7.0.0-M8\spring-web-7.0.0-M8.jar;C:\Users\Daniel\.m2\repository\io\micrometer\micrometer-observation\1.16.0-M2\micrometer-observation-1.16.0-M2.jar;C:\Users\Daniel\.m2\repository\io\micrometer\micrometer-commons\1.16.0-M2\micrometer-commons-1.16.0-M2.jar;C:\Users\Daniel\.m2\repository\org\springframework\boot\spring-boot-webmvc\4.0.0-M2\spring-boot-webmvc-4.0.0-M2.jar;C:\Users\Daniel\.m2\repository\org\springframework\boot\spring-boot-servlet\4.0.0-M2\spring-boot-servlet-4.0.0-M2.jar;C:\Users\Daniel\.m2\repository\org\springframework\spring-webmvc\7.0.0-M8\spring-webmvc-7.0.0-M8.jar;C:\Users\Daniel\.m2\repository\org\springframework\spring-expression\7.0.0-M8\spring-expression-7.0.0-M8.jar;C:\Users\Daniel\.m2\repository\com\h2database\h2\2.3.232\h2-2.3.232.jar;C:\Users\Daniel\.m2\repository\org\springframework\boot\spring-boot-starter-data-jpa\4.0.0-M2\spring-boot-starter-data-jpa-4.0.0-M2.jar;C:\Users\Daniel\.m2\repository\org\springframework\boot\spring-boot-starter\4.0.0-M2\spring-boot-starter-4.0.0-M2.jar;C:\Users\Daniel\.m2\repository\org\springframework\boot\spring-boot-starter-logging\4.0.0-M2\spring-boot-starter-logging-4.0.0-M2.jar;C:\Users\Daniel\.m2\repository\ch\qos\logback\logback-classic\1.5.18\logback-classic-1.5.18.jar;C:\Users\Daniel\.m2\repository\ch\qos\logback\logback-core\1.5.18\logback-core-1.5.18.jar;C:\Users\Daniel\.m2\repository\org\apache\logging\log4j\log4j-to-slf4j\2.24.3\log4j-to-slf4j-2.24.3.jar;C:\Users\Daniel\.m2\repository\org\apache\logging\log4j\log4j-api\2.24.3\log4j-api-2.24.3.jar;C:\Users\Daniel\.m2\repository\org\slf4j\jul-to-slf4j\2.0.17\jul-to-slf4j-2.0.17.jar;C:\Users\Daniel\.m2\repository\org\yaml\snakeyaml\2.4\snakeyaml-2.4.jar;C:\Users\Daniel\.m2\repository\org\springframework\boot\spring-boot-starter-jdbc\4.0.0-M2\spring-boot-starter-jdbc-4.0.0-M2.jar;C:\Users\Daniel\.m2\repository\com\zaxxer\HikariCP\7.0.1\HikariCP-7.0.1.jar;C:\Users\Daniel\.m2\repository\org\springframework\boot\spring-boot-data-jpa\4.0.0-M2\spring-boot-data-jpa-4.0.0-M2.jar;C:\Users\Daniel\.m2\repository\org\springframework\boot\spring-boot-data-commons\4.0.0-M2\spring-boot-data-commons-4.0.0-M2.jar;C:\Users\Daniel\.m2\repository\org\springframework\data\spring-data-commons\4.0.0-M5\spring-data-commons-4.0.0-M5.jar;C:\Users\Daniel\.m2\repository\org\springframework\boot\spring-boot-hibernate\4.0.0-M2\spring-boot-hibernate-4.0.0-M2.jar;C:\Users\Daniel\.m2\repository\org\springframework\boot\spring-boot-jpa\4.0.0-M2\spring-boot-jpa-4.0.0-M2.jar;C:\Users\Daniel\.m2\repository\jakarta\persistence\jakarta.persistence-api\3.2.0\jakarta.persistence-api-3.2.0.jar;C:\Users\Daniel\.m2\repository\org\hibernate\orm\hibernate-core\7.1.0.Final\hibernate-core-7.1.0.Final.jar;C:\Users\Daniel\.m2\repository\jakarta\transaction\jakarta.transaction-api\2.0.1\jakarta.transaction-api-2.0.1.jar;C:\Users\Daniel\.m2\repository\org\jboss\logging\jboss-logging\3.6.1.Final\jboss-logging-3.6.1.Final.jar;C:\Users\Daniel\.m2\repository\org\hibernate\models\hibernate-models\1.0.1\hibernate-models-1.0.1.jar;C:\Users\Daniel\.m2\repository\com\fasterxml\classmate\1.7.0\classmate-1.7.0.jar;C:\Users\Daniel\.m2\repository\org\glassfish\jaxb\jaxb-runtime\4.0.5\jaxb-runtime-4.0.5.jar;C:\Users\Daniel\.m2\repository\org\glassfish\jaxb\jaxb-core\4.0.5\jaxb-core-4.0.5.jar;C:\Users\Daniel\.m2\repository\org\eclipse\angus\angus-activation\2.0.2\angus-activation-2.0.2.jar;C:\Users\Daniel\.m2\repository\org\glassfish\jaxb\txw2\4.0.5\txw2-4.0.5.jar;C:\Users\Daniel\.m2\repository\com\sun\istack\istack-commons-runtime\4.1.2\istack-commons-runtime-4.1.2.jar;C:\Users\Daniel\.m2\repository\jakarta\inject\jakarta.inject-api\2.0.1\jakarta.inject-api-2.0.1.jar;C:\Users\Daniel\.m2\repository\org\springframework\spring-orm\7.0.0-M8\spring-orm-7.0.0-M8.jar;C:\Users\Daniel\.m2\repository\org\springframework\data\spring-data-jpa\4.0.0-M5\spring-data-jpa-4.0.0-M5.jar;C:\Users\Daniel\.m2\repository\org\springframework\spring-tx\7.0.0-M8\spring-tx-7.0.0-M8.jar;C:\Users\Daniel\.m2\repository\org\antlr\antlr4-runtime\4.13.2\antlr4-runtime-4.13.2.jar;C:\Users\Daniel\.m2\repository\org\springframework\spring-aspects\7.0.0-M8\spring-aspects-7.0.0-M8.jar;C:\Users\Daniel\.m2\repository\org\aspectj\aspectjweaver\1.9.24\aspectjweaver-1.9.24.jar;C:\Users\Daniel\.m2\repository\org\springframework\boot\spring-boot-jdbc\4.0.0-M2\spring-boot-jdbc-4.0.0-M2.jar;C:\Users\Daniel\.m2\repository\org\springframework\boot\spring-boot-sql\4.0.0-M2\spring-boot-sql-4.0.0-M2.jar;C:\Users\Daniel\.m2\repository\org\springframework\spring-jdbc\7.0.0-M8\spring-jdbc-7.0.0-M8.jar;C:\Users\Daniel\.m2\repository\org\springframework\boot\spring-boot-tx\4.0.0-M2\spring-boot-tx-4.0.0-M2.jar;C:\Users\Daniel\.m2\repository\org\postgresql\postgresql\42.7.7\postgresql-42.7.7.jar;C:\Users\Daniel\.m2\repository\org\checkerframework\checker-qual\3.49.3\checker-qual-3.49.3.jar;C:\Users\Daniel\.m2\repository\org\springframework\boot\spring-boot-starter-test\4.0.0-M2\spring-boot-starter-test-4.0.0-M2.jar;C:\Users\Daniel\.m2\repository\org\springframework\boot\spring-boot-test\4.0.0-M2\spring-boot-test-4.0.0-M2.jar;C:\Users\Daniel\.m2\repository\org\springframework\boot\spring-boot-restclient-test\4.0.0-M2\spring-boot-restclient-test-4.0.0-M2.jar;C:\Users\Daniel\.m2\repository\org\springframework\boot\spring-boot-test-autoconfigure\4.0.0-M2\spring-boot-test-autoconfigure-4.0.0-M2.jar;C:\Users\Daniel\.m2\repository\org\springframework\boot\spring-boot-web-server-test\4.0.0-M2\spring-boot-web-server-test-4.0.0-M2.jar;C:\Users\Daniel\.m2\repository\com\jayway\jsonpath\json-path\2.9.0\json-path-2.9.0.jar;C:\Users\Daniel\.m2\repository\org\slf4j\slf4j-api\2.0.11\slf4j-api-2.0.11.jar;C:\Users\Daniel\.m2\repository\jakarta\xml\bind\jakarta.xml.bind-api\4.0.2\jakarta.xml.bind-api-4.0.2.jar;C:\Users\Daniel\.m2\repository\jakarta\activation\jakarta.activation-api\2.1.3\jakarta.activation-api-2.1.3.jar;C:\Users\Daniel\.m2\repository\net\minidev\json-smart\2.6.0\json-smart-2.6.0.jar;C:\Users\Daniel\.m2\repository\net\minidev\accessors-smart\2.6.0\accessors-smart-2.6.0.jar;C:\Users\Daniel\.m2\repository\org\ow2\asm\asm\9.7.1\asm-9.7.1.jar;C:\Users\Daniel\.m2\repository\org\assertj\assertj-core\3.27.4\assertj-core-3.27.4.jar;C:\Users\Daniel\.m2\repository\net\bytebuddy\byte-buddy\1.15.11\byte-buddy-1.15.11.jar;C:\Users\Daniel\.m2\repository\org\awaitility\awaitility\4.3.0\awaitility-4.3.0.jar;C:\Users\Daniel\.m2\repository\org\hamcrest\hamcrest\3.0\hamcrest-3.0.jar;C:\Users\Daniel\.m2\repository\org\junit\jupiter\junit-jupiter\5.13.4\junit-jupiter-5.13.4.jar;C:\Users\Daniel\.m2\repository\org\junit\jupiter\junit-jupiter-api\5.13.4\junit-jupiter-api-5.13.4.jar;C:\Users\Daniel\.m2\repository\org\opentest4j\opentest4j\1.3.0\opentest4j-1.3.0.jar;C:\Users\Daniel\.m2\repository\org\junit\platform\junit-platform-commons\1.13.4\junit-platform-commons-1.13.4.jar;C:\Users\Daniel\.m2\repository\org\apiguardian\apiguardian-api\1.1.2\apiguardian-api-1.1.2.jar;C:\Users\Daniel\.m2\repository\org\junit\jupiter\junit-jupiter-params\5.13.4\junit-jupiter-params-5.13.4.jar;C:\Users\Daniel\.m2\repository\org\junit\jupiter\junit-jupiter-engine\5.13.4\junit-jupiter-engine-5.13.4.jar;C:\Users\Daniel\.m2\repository\org\junit\platform\junit-platform-engine\1.13.4\junit-platform-engine-1.13.4.jar;C:\Users\Daniel\.m2\repository\org\mockito\mockito-core\5.19.0\mockito-core-5.19.0.jar;C:\Users\Daniel\.m2\repository\net\bytebuddy\byte-buddy-agent\1.17.6\byte-buddy-agent-1.17.6.jar;C:\Users\Daniel\.m2\repository\org\objenesis\objenesis\3.3\objenesis-3.3.jar;C:\Users\Daniel\.m2\repository\org\mockito\mockito-junit-jupiter\5.19.0\mockito-junit-jupiter-5.19.0.jar;C:\Users\Daniel\.m2\repository\org\skyscreamer\jsonassert\1.5.3\jsonassert-1.5.3.jar;C:\Users\Daniel\.m2\repository\com\vaadin\external\google\android-json\0.0.20131108.vaadin1\android-json-0.0.20131108.vaadin1.jar;C:\Users\Daniel\.m2\repository\org\springframework\spring-core\7.0.0-M8\spring-core-7.0.0-M8.jar;C:\Users\Daniel\.m2\repository\commons-logging\commons-logging\1.3.5\commons-logging-1.3.5.jar;C:\Users\Daniel\.m2\repository\org\jspecify\jspecify\1.0.0\jspecify-1.0.0.jar;C:\Users\Daniel\.m2\repository\org\springframework\spring-test\7.0.0-M8\spring-test-7.0.0-M8.jar;C:\Users\Daniel\.m2\repository\org\xmlunit\xmlunit-core\2.10.3\xmlunit-core-2.10.3.jar;C:\Users\Daniel\.m2\repository\org\springframework\boot\spring-boot-starter-security\4.0.0-M2\spring-boot-starter-security-4.0.0-M2.jar;C:\Users\Daniel\.m2\repository\org\springframework\boot\spring-boot-security\4.0.0-M2\spring-boot-security-4.0.0-M2.jar;C:\Users\Daniel\.m2\repository\org\springframework\security\spring-security-config\7.0.0-M2\spring-security-config-7.0.0-M2.jar;C:\Users\Daniel\.m2\repository\org\springframework\security\spring-security-core\7.0.0-M2\spring-security-core-7.0.0-M2.jar;C:\Users\Daniel\.m2\repository\org\springframework\security\spring-security-crypto\7.0.0-M2\spring-security-crypto-7.0.0-M2.jar;C:\Users\Daniel\.m2\repository\org\springframework\security\spring-security-web\7.0.0-M2\spring-security-web-7.0.0-M2.jar;C:\Users\Daniel\.m2\repository\org\springframework\spring-aop\7.0.0-M8\spring-aop-7.0.0-M8.jar;C:\Users\Daniel\.m2\repository\org\springframework\spring-beans\7.0.0-M8\spring-beans-7.0.0-M8.jar;C:\Users\Daniel\.m2\repository\junit\junit\4.13.2\junit-4.13.2.jar;C:\Users\Daniel\.m2\repository\org\hamcrest\hamcrest-core\1.3\hamcrest-core-1.3.jar;C:\Users\Daniel\.m2\repository\org\springframework\boot\spring-boot-devtools\4.0.0-M2\spring-boot-devtools-4.0.0-M2.jar;C:\Users\Daniel\.m2\repository\org\springframework\boot\spring-boot\4.0.0-M2\spring-boot-4.0.0-M2.jar;C:\Users\Daniel\.m2\repository\org\springframework\spring-context\7.0.0-M8\spring-context-7.0.0-M8.jar;C:\Users\Daniel\.m2\repository\org\springframework\boot\spring-boot-autoconfigure\4.0.0-M2\spring-boot-autoconfigure-4.0.0-M2.jar;C:\Users\Daniel\.m2\repository\io\jsonwebtoken\jjwt-api\0.12.5\jjwt-api-0.12.5.jar;C:\Users\Daniel\.m2\repository\io\jsonwebtoken\jjwt-impl\0.12.5\jjwt-impl-0.12.5.jar;C:\Users\Daniel\.m2\repository\io\jsonwebtoken\jjwt-jackson\0.12.5\jjwt-jackson-0.12.5.jar;C:\Users\Daniel\.m2\repository\com\fasterxml\jackson\core\jackson-databind\2.17.1\jackson-databind-2.17.1.jar;C:\Users\Daniel\.m2\repository\com\fasterxml\jackson\core\jackson-annotations\2.17.1\jackson-annotations-2.17.1.jar;C:\Users\Daniel\.m2\repository\com\fasterxml\jackson\core\jackson-core\2.17.1\jackson-core-2.17.1.jar;"/>
    <property name="java.vm.vendor" value="Oracle Corporation"/>
    <property name="sun.arch.data.model" value="64"/>
    <property name="user.variant" value=""/>
    <property name="java.vendor.url" value="https://java.oracle.com/"/>
    <property name="user.timezone" value="America/Santiago"/>
    <property name="os.name" value="Windows 11"/>
    <property name="java.vm.specification.version" value="21"/>
    <property name="sun.java.launcher" value="SUN_STANDARD"/>
    <property name="user.country" value="CL"/>
    <property name="sun.boot.library.path" value="C:\Program Files\Java\jdk-21\bin"/>
    <property name="sun.java.command" value="C:\Users\Daniel\AppData\Local\Temp\surefire485323873930341148\surefirebooter-20250906215947635_3.jar C:\Users\Daniel\AppData\Local\Temp\surefire485323873930341148 2025-09-06T21-59-47_547-jvmRun1 surefire-20250906215947635_1tmp surefire_0-20250906215947635_2tmp"/>
    <property name="jdk.debug" value="release"/>
    <property name="surefire.test.class.path" value="C:\Users\Daniel\OneDrive\Programming\GitHub Projects\Writook\apps\backend\target\test-classes;C:\Users\Daniel\OneDrive\Programming\GitHub Projects\Writook\apps\backend\target\classes;C:\Users\Daniel\.m2\repository\org\springframework\boot\spring-boot-starter-web\4.0.0-M2\spring-boot-starter-web-4.0.0-M2.jar;C:\Users\Daniel\.m2\repository\org\springframework\boot\spring-boot-starter-jackson\4.0.0-M2\spring-boot-starter-jackson-4.0.0-M2.jar;C:\Users\Daniel\.m2\repository\org\springframework\boot\spring-boot-jackson\4.0.0-M2\spring-boot-jackson-4.0.0-M2.jar;C:\Users\Daniel\.m2\repository\com\fasterxml\jackson\datatype\jackson-datatype-jdk8\2.20.0-rc1\jackson-datatype-jdk8-2.20.0-rc1.jar;C:\Users\Daniel\.m2\repository\com\fasterxml\jackson\datatype\jackson-datatype-jsr310\2.20.0-rc1\jackson-datatype-jsr310-2.20.0-rc1.jar;C:\Users\Daniel\.m2\repository\com\fasterxml\jackson\module\jackson-module-parameter-names\2.20.0-rc1\jackson-module-parameter-names-2.20.0-rc1.jar;C:\Users\Daniel\.m2\repository\org\springframework\boot\spring-boot-starter-tomcat\4.0.0-M2\spring-boot-starter-tomcat-4.0.0-M2.jar;C:\Users\Daniel\.m2\repository\org\springframework\boot\spring-boot-tomcat\4.0.0-M2\spring-boot-tomcat-4.0.0-M2.jar;C:\Users\Daniel\.m2\repository\org\springframework\boot\spring-boot-web-server\4.0.0-M2\spring-boot-web-server-4.0.0-M2.jar;C:\Users\Daniel\.m2\repository\org\apache\tomcat\embed\tomcat-embed-core\11.0.10\tomcat-embed-core-11.0.10.jar;C:\Users\Daniel\.m2\repository\jakarta\annotation\jakarta.annotation-api\3.0.0\jakarta.annotation-api-3.0.0.jar;C:\Users\Daniel\.m2\repository\org\apache\tomcat\embed\tomcat-embed-el\11.0.10\tomcat-embed-el-11.0.10.jar;C:\Users\Daniel\.m2\repository\org\apache\tomcat\embed\tomcat-embed-websocket\11.0.10\tomcat-embed-websocket-11.0.10.jar;C:\Users\Daniel\.m2\repository\org\springframework\boot\spring-boot-http-converter\4.0.0-M2\spring-boot-http-converter-4.0.0-M2.jar;C:\Users\Daniel\.m2\repository\org\springframework\spring-web\7.0.0-M8\spring-web-7.0.0-M8.jar;C:\Users\Daniel\.m2\repository\io\micrometer\micrometer-observation\1.16.0-M2\micrometer-observation-1.16.0-M2.jar;C:\Users\Daniel\.m2\repository\io\micrometer\micrometer-commons\1.16.0-M2\micrometer-commons-1.16.0-M2.jar;C:\Users\Daniel\.m2\repository\org\springframework\boot\spring-boot-webmvc\4.0.0-M2\spring-boot-webmvc-4.0.0-M2.jar;C:\Users\Daniel\.m2\repository\org\springframework\boot\spring-boot-servlet\4.0.0-M2\spring-boot-servlet-4.0.0-M2.jar;C:\Users\Daniel\.m2\repository\org\springframework\spring-webmvc\7.0.0-M8\spring-webmvc-7.0.0-M8.jar;C:\Users\Daniel\.m2\repository\org\springframework\spring-expression\7.0.0-M8\spring-expression-7.0.0-M8.jar;C:\Users\Daniel\.m2\repository\com\h2database\h2\2.3.232\h2-2.3.232.jar;C:\Users\Daniel\.m2\repository\org\springframework\boot\spring-boot-starter-data-jpa\4.0.0-M2\spring-boot-starter-data-jpa-4.0.0-M2.jar;C:\Users\Daniel\.m2\repository\org\springframework\boot\spring-boot-starter\4.0.0-M2\spring-boot-starter-4.0.0-M2.jar;C:\Users\Daniel\.m2\repository\org\springframework\boot\spring-boot-starter-logging\4.0.0-M2\spring-boot-starter-logging-4.0.0-M2.jar;C:\Users\Daniel\.m2\repository\ch\qos\logback\logback-classic\1.5.18\logback-classic-1.5.18.jar;C:\Users\Daniel\.m2\repository\ch\qos\logback\logback-core\1.5.18\logback-core-1.5.18.jar;C:\Users\Daniel\.m2\repository\org\apache\logging\log4j\log4j-to-slf4j\2.24.3\log4j-to-slf4j-2.24.3.jar;C:\Users\Daniel\.m2\repository\org\apache\logging\log4j\log4j-api\2.24.3\log4j-api-2.24.3.jar;C:\Users\Daniel\.m2\repository\org\slf4j\jul-to-slf4j\2.0.17\jul-to-slf4j-2.0.17.jar;C:\Users\Daniel\.m2\repository\org\yaml\snakeyaml\2.4\snakeyaml-2.4.jar;C:\Users\Daniel\.m2\repository\org\springframework\boot\spring-boot-starter-jdbc\4.0.0-M2\spring-boot-starter-jdbc-4.0.0-M2.jar;C:\Users\Daniel\.m2\repository\com\zaxxer\HikariCP\7.0.1\HikariCP-7.0.1.jar;C:\Users\Daniel\.m2\repository\org\springframework\boot\spring-boot-data-jpa\4.0.0-M2\spring-boot-data-jpa-4.0.0-M2.jar;C:\Users\Daniel\.m2\repository\org\springframework\boot\spring-boot-data-commons\4.0.0-M2\spring-boot-data-commons-4.0.0-M2.jar;C:\Users\Daniel\.m2\repository\org\springframework\data\spring-data-commons\4.0.0-M5\spring-data-commons-4.0.0-M5.jar;C:\Users\Daniel\.m2\repository\org\springframework\boot\spring-boot-hibernate\4.0.0-M2\spring-boot-hibernate-4.0.0-M2.jar;C:\Users\Daniel\.m2\repository\org\springframework\boot\spring-boot-jpa\4.0.0-M2\spring-boot-jpa-4.0.0-M2.jar;C:\Users\Daniel\.m2\repository\jakarta\persistence\jakarta.persistence-api\3.2.0\jakarta.persistence-api-3.2.0.jar;C:\Users\Daniel\.m2\repository\org\hibernate\orm\hibernate-core\7.1.0.Final\hibernate-core-7.1.0.Final.jar;C:\Users\Daniel\.m2\repository\jakarta\transaction\jakarta.transaction-api\2.0.1\jakarta.transaction-api-2.0.1.jar;C:\Users\Daniel\.m2\repository\org\jboss\logging\jboss-logging\3.6.1.Final\jboss-logging-3.6.1.Final.jar;C:\Users\Daniel\.m2\repository\org\hibernate\models\hibernate-models\1.0.1\hibernate-models-1.0.1.jar;C:\Users\Daniel\.m2\repository\com\fasterxml\classmate\1.7.0\classmate-1.7.0.jar;C:\Users\Daniel\.m2\repository\org\glassfish\jaxb\jaxb-runtime\4.0.5\jaxb-runtime-4.0.5.jar;C:\Users\Daniel\.m2\repository\org\glassfish\jaxb\jaxb-core\4.0.5\jaxb-core-4.0.5.jar;C:\Users\Daniel\.m2\repository\org\eclipse\angus\angus-activation\2.0.2\angus-activation-2.0.2.jar;C:\Users\Daniel\.m2\repository\org\glassfish\jaxb\txw2\4.0.5\txw2-4.0.5.jar;C:\Users\Daniel\.m2\repository\com\sun\istack\istack-commons-runtime\4.1.2\istack-commons-runtime-4.1.2.jar;C:\Users\Daniel\.m2\repository\jakarta\inject\jakarta.inject-api\2.0.1\jakarta.inject-api-2.0.1.jar;C:\Users\Daniel\.m2\repository\org\springframework\spring-orm\7.0.0-M8\spring-orm-7.0.0-M8.jar;C:\Users\Daniel\.m2\repository\org\springframework\data\spring-data-jpa\4.0.0-M5\spring-data-jpa-4.0.0-M5.jar;C:\Users\Daniel\.m2\repository\org\springframework\spring-tx\7.0.0-M8\spring-tx-7.0.0-M8.jar;C:\Users\Daniel\.m2\repository\org\antlr\antlr4-runtime\4.13.2\antlr4-runtime-4.13.2.jar;C:\Users\Daniel\.m2\repository\org\springframework\spring-aspects\7.0.0-M8\spring-aspects-7.0.0-M8.jar;C:\Users\Daniel\.m2\repository\org\aspectj\aspectjweaver\1.9.24\aspectjweaver-1.9.24.jar;C:\Users\Daniel\.m2\repository\org\springframework\boot\spring-boot-jdbc\4.0.0-M2\spring-boot-jdbc-4.0.0-M2.jar;C:\Users\Daniel\.m2\repository\org\springframework\boot\spring-boot-sql\4.0.0-M2\spring-boot-sql-4.0.0-M2.jar;C:\Users\Daniel\.m2\repository\org\springframework\spring-jdbc\7.0.0-M8\spring-jdbc-7.0.0-M8.jar;C:\Users\Daniel\.m2\repository\org\springframework\boot\spring-boot-tx\4.0.0-M2\spring-boot-tx-4.0.0-M2.jar;C:\Users\Daniel\.m2\repository\org\postgresql\postgresql\42.7.7\postgresql-42.7.7.jar;C:\Users\Daniel\.m2\repository\org\checkerframework\checker-qual\3.49.3\checker-qual-3.49.3.jar;C:\Users\Daniel\.m2\repository\org\springframework\boot\spring-boot-starter-test\4.0.0-M2\spring-boot-starter-test-4.0.0-M2.jar;C:\Users\Daniel\.m2\repository\org\springframework\boot\spring-boot-test\4.0.0-M2\spring-boot-test-4.0.0-M2.jar;C:\Users\Daniel\.m2\repository\org\springframework\boot\spring-boot-restclient-test\4.0.0-M2\spring-boot-restclient-test-4.0.0-M2.jar;C:\Users\Daniel\.m2\repository\org\springframework\boot\spring-boot-test-autoconfigure\4.0.0-M2\spring-boot-test-autoconfigure-4.0.0-M2.jar;C:\Users\Daniel\.m2\repository\org\springframework\boot\spring-boot-web-server-test\4.0.0-M2\spring-boot-web-server-test-4.0.0-M2.jar;C:\Users\Daniel\.m2\repository\com\jayway\jsonpath\json-path\2.9.0\json-path-2.9.0.jar;C:\Users\Daniel\.m2\repository\org\slf4j\slf4j-api\2.0.11\slf4j-api-2.0.11.jar;C:\Users\Daniel\.m2\repository\jakarta\xml\bind\jakarta.xml.bind-api\4.0.2\jakarta.xml.bind-api-4.0.2.jar;C:\Users\Daniel\.m2\repository\jakarta\activation\jakarta.activation-api\2.1.3\jakarta.activation-api-2.1.3.jar;C:\Users\Daniel\.m2\repository\net\minidev\json-smart\2.6.0\json-smart-2.6.0.jar;C:\Users\Daniel\.m2\repository\net\minidev\accessors-smart\2.6.0\accessors-smart-2.6.0.jar;C:\Users\Daniel\.m2\repository\org\ow2\asm\asm\9.7.1\asm-9.7.1.jar;C:\Users\Daniel\.m2\repository\org\assertj\assertj-core\3.27.4\assertj-core-3.27.4.jar;C:\Users\Daniel\.m2\repository\net\bytebuddy\byte-buddy\1.15.11\byte-buddy-1.15.11.jar;C:\Users\Daniel\.m2\repository\org\awaitility\awaitility\4.3.0\awaitility-4.3.0.jar;C:\Users\Daniel\.m2\repository\org\hamcrest\hamcrest\3.0\hamcrest-3.0.jar;C:\Users\Daniel\.m2\repository\org\junit\jupiter\junit-jupiter\5.13.4\junit-jupiter-5.13.4.jar;C:\Users\Daniel\.m2\repository\org\junit\jupiter\junit-jupiter-api\5.13.4\junit-jupiter-api-5.13.4.jar;C:\Users\Daniel\.m2\repository\org\opentest4j\opentest4j\1.3.0\opentest4j-1.3.0.jar;C:\Users\Daniel\.m2\repository\org\junit\platform\junit-platform-commons\1.13.4\junit-platform-commons-1.13.4.jar;C:\Users\Daniel\.m2\repository\org\apiguardian\apiguardian-api\1.1.2\apiguardian-api-1.1.2.jar;C:\Users\Daniel\.m2\repository\org\junit\jupiter\junit-jupiter-params\5.13.4\junit-jupiter-params-5.13.4.jar;C:\Users\Daniel\.m2\repository\org\junit\jupiter\junit-jupiter-engine\5.13.4\junit-jupiter-engine-5.13.4.jar;C:\Users\Daniel\.m2\repository\org\junit\platform\junit-platform-engine\1.13.4\junit-platform-engine-1.13.4.jar;C:\Users\Daniel\.m2\repository\org\mockito\mockito-core\5.19.0\mockito-core-5.19.0.jar;C:\Users\Daniel\.m2\repository\net\bytebuddy\byte-buddy-agent\1.17.6\byte-buddy-agent-1.17.6.jar;C:\Users\Daniel\.m2\repository\org\objenesis\objenesis\3.3\objenesis-3.3.jar;C:\Users\Daniel\.m2\repository\org\mockito\mockito-junit-jupiter\5.19.0\mockito-junit-jupiter-5.19.0.jar;C:\Users\Daniel\.m2\repository\org\skyscreamer\jsonassert\1.5.3\jsonassert-1.5.3.jar;C:\Users\Daniel\.m2\repository\com\vaadin\external\google\android-json\0.0.20131108.vaadin1\android-json-0.0.20131108.vaadin1.jar;C:\Users\Daniel\.m2\repository\org\springframework\spring-core\7.0.0-M8\spring-core-7.0.0-M8.jar;C:\Users\Daniel\.m2\repository\commons-logging\commons-logging\1.3.5\commons-logging-1.3.5.jar;C:\Users\Daniel\.m2\repository\org\jspecify\jspecify\1.0.0\jspecify-1.0.0.jar;C:\Users\Daniel\.m2\repository\org\springframework\spring-test\7.0.0-M8\spring-test-7.0.0-M8.jar;C:\Users\Daniel\.m2\repository\org\xmlunit\xmlunit-core\2.10.3\xmlunit-core-2.10.3.jar;C:\Users\Daniel\.m2\repository\org\springframework\boot\spring-boot-starter-security\4.0.0-M2\spring-boot-starter-security-4.0.0-M2.jar;C:\Users\Daniel\.m2\repository\org\springframework\boot\spring-boot-security\4.0.0-M2\spring-boot-security-4.0.0-M2.jar;C:\Users\Daniel\.m2\repository\org\springframework\security\spring-security-config\7.0.0-M2\spring-security-config-7.0.0-M2.jar;C:\Users\Daniel\.m2\repository\org\springframework\security\spring-security-core\7.0.0-M2\spring-security-core-7.0.0-M2.jar;C:\Users\Daniel\.m2\repository\org\springframework\security\spring-security-crypto\7.0.0-M2\spring-security-crypto-7.0.0-M2.jar;C:\Users\Daniel\.m2\repository\org\springframework\security\spring-security-web\7.0.0-M2\spring-security-web-7.0.0-M2.jar;C:\Users\Daniel\.m2\repository\org\springframework\spring-aop\7.0.0-M8\spring-aop-7.0.0-M8.jar;C:\Users\Daniel\.m2\repository\org\springframework\spring-beans\7.0.0-M8\spring-beans-7.0.0-M8.jar;C:\Users\Daniel\.m2\repository\junit\junit\4.13.2\junit-4.13.2.jar;C:\Users\Daniel\.m2\repository\org\hamcrest\hamcrest-core\1.3\hamcrest-core-1.3.jar;C:\Users\Daniel\.m2\repository\org\springframework\boot\spring-boot-devtools\4.0.0-M2\spring-boot-devtools-4.0.0-M2.jar;C:\Users\Daniel\.m2\repository\org\springframework\boot\spring-boot\4.0.0-M2\spring-boot-4.0.0-M2.jar;C:\Users\Daniel\.m2\repository\org\springframework\spring-context\7.0.0-M8\spring-context-7.0.0-M8.jar;C:\Users\Daniel\.m2\repository\org\springframework\boot\spring-boot-autoconfigure\4.0.0-M2\spring-boot-autoconfigure-4.0.0-M2.jar;C:\Users\Daniel\.m2\repository\io\jsonwebtoken\jjwt-api\0.12.5\jjwt-api-0.12.5.jar;C:\Users\Daniel\.m2\repository\io\jsonwebtoken\jjwt-impl\0.12.5\jjwt-impl-0.12.5.jar;C:\Users\Daniel\.m2\repository\io\jsonwebtoken\jjwt-jackson\0.12.5\jjwt-jackson-0.12.5.jar;C:\Users\Daniel\.m2\repository\com\fasterxml\jackson\core\jackson-databind\2.17.1\jackson-databind-2.17.1.jar;C:\Users\Daniel\.m2\repository\com\fasterxml\jackson\core\jackson-annotations\2.17.1\jackson-annotations-2.17.1.jar;C:\Users\Daniel\.m2\repository\com\fasterxml\jackson\core\jackson-core\2.17.1\jackson-core-2.17.1.jar;"/>
    <property name="sun.cpu.endian" value="little"/>
    <property name="user.home" value="C:\Users\Daniel"/>
    <property name="user.language" value="es"/>
    <property name="java.specification.vendor" value="Oracle Corporation"/>
    <property name="java.version.date" value="2025-01-21"/>
    <property name="java.home" value="C:\Program Files\Java\jdk-21"/>
    <property name="file.separator" value="\"/>
    <property name="basedir" value="C:\Users\Daniel\OneDrive\Programming\GitHub Projects\Writook\apps\backend"/>
    <property name="java.vm.compressedOopsMode" value="Zero based"/>
    <property name="line.separator" value="&#10;"/>
    <property name="java.vm.specification.vendor" value="Oracle Corporation"/>
    <property name="java.specification.name" value="Java Platform API Specification"/>
    <property name="surefire.real.class.path" value="C:\Users\Daniel\AppData\Local\Temp\surefire485323873930341148\surefirebooter-20250906215947635_3.jar"/>
    <property name="user.script" value=""/>
    <property name="sun.management.compiler" value="HotSpot 64-Bit Tiered Compilers"/>
    <property name="java.runtime.version" value="21.0.6+8-LTS-188"/>
    <property name="user.name" value="Daniel"/>
    <property name="stdout.encoding" value="Cp1252"/>
    <property name="path.separator" value=";"/>
    <property name="os.version" value="10.0"/>
    <property name="java.runtime.name" value="Java(TM) SE Runtime Environment"/>
    <property name="file.encoding" value="UTF-8"/>
    <property name="java.vm.name" value="Java HotSpot(TM) 64-Bit Server VM"/>
    <property name="localRepository" value="C:\Users\Daniel\.m2\repository"/>
    <property name="java.vendor.url.bug" value="https://bugreport.java.com/bugreport/"/>
    <property name="java.io.tmpdir" value="C:\Users\Daniel\AppData\Local\Temp\"/>
    <property name="java.version" value="21.0.6"/>
    <property name="user.dir" value="C:\Users\Daniel\OneDrive\Programming\GitHub Projects\Writook\apps\backend"/>
    <property name="os.arch" value="amd64"/>
    <property name="java.vm.specification.name" value="Java Virtual Machine Specification"/>
    <property name="sun.os.patch.level" value=""/>
    <property name="native.encoding" value="Cp1252"/>
    <property name="java.library.path" value="C:\Program Files\Java\jdk-21\bin;C:\WINDOWS\Sun\Java\bin;C:\WINDOWS\system32;C:\WINDOWS;C:\Program Files (x86)\Common Files\Oracle\Java\javapath;C:\Program Files\Common Files\Oracle\Java\javapath;C:\Program Files (x86)\Razer Chroma SDK\bin;C:\Program Files\Razer Chroma SDK\bin;C:\Windows\system32;C:\Windows;C:\Windows\System32\Wbem;C:\Windows\System32\WindowsPowerShell\v1.0\;C:\Windows\System32\OpenSSH\;C:\Windows\system32\config\systemprofile\AppData\Local\Microsoft\WindowsApps;C:\Program Files (x86)\Razer\ChromaBroadcast\bin;C:\Program Files\Razer\ChromaBroadcast\bin;C:\Users\Daniel\AppData\Local\Microsoft\WindowsApps;C:\WINDOWS\system32;C:\WINDOWS;C:\WINDOWS\System32\Wbem;C:\WINDOWS\System32\WindowsPowerShell\v1.0\;C:\WINDOWS\System32\OpenSSH\;C:\Program Files\Git\cmd;C:\Program Files\nodejs\;C:\Users\Daniel\AppData\Local\Muse Hub\lib;;C:\Program Files\doxygen\bin;C:\Users\Daniel\AppData\Local\Programs\Python\Python313\Scripts\;C:\Users\Daniel\AppData\Local\Programs\Python\Python313\;C:\Users\Daniel\AppData\Local\Microsoft\WindowsApps;C:\Users\Daniel\AppData\Local\Programs\Microsoft VS Code\bin;C:\Users\Daniel\AppData\Local\gitkraken\bin;C:\Users\Daniel\OneDrive\DEPENDENCY\JAVA\MAVEN\maven-mvnd-1.0.2-windows-amd64\bin;C:\Users\Daniel\OneDrive\DEPENDENCY\JAVA\MAVEN\apache-maven-3.9.11\bin;C:\Program Files (x86)\Nmap;C:\Users\Daniel\AppData\Roaming\npm;C:\Program Files\Java\jdk-21\bin;;c:\Users\Daniel\AppData\Roaming\Code\User\globalStorage\github.copilot-chat\debugCommand;."/>
    <property name="java.vm.info" value="mixed mode, sharing"/>
    <property name="stderr.encoding" value="Cp1252"/>
    <property name="java.vendor" value="Oracle Corporation"/>
    <property name="java.vm.version" value="21.0.6+8-LTS-188"/>
    <property name="sun.io.unicode.encoding" value="UnicodeLittle"/>
    <property name="java.class.version" value="65.0"/>
  </properties>
  <testcase name="testRegister" classname="com.danielvflores.writook.controller.AuthCompleteTest" time="0.211">
    <system-out><![CDATA[21:59:49.503 [main] INFO org.springframework.mock.web.MockServletContext -- Initializing Spring TestDispatcherServlet ''
21:59:49.505 [main] INFO org.springframework.test.web.servlet.TestDispatcherServlet -- Initializing Servlet ''
21:59:49.509 [main] INFO org.springframework.test.web.servlet.TestDispatcherServlet -- Completed initialization in 2 ms
]]></system-out>
    <system-err><![CDATA[Mockito is currently self-attaching to enable the inline-mock-maker. This will no longer work in future releases of the JDK. Please add Mockito as an agent to your build as described in Mockito's documentation: https://javadoc.io/doc/org.mockito/mockito-core/latest/org.mockito/org/mockito/Mockito.html#0.3
WARNING: A Java agent has been loaded dynamically (C:\Users\Daniel\.m2\repository\net\bytebuddy\byte-buddy-agent\1.17.6\byte-buddy-agent-1.17.6.jar)
WARNING: If a serviceability tool is in use, please run with -XX:+EnableDynamicAgentLoading to hide this warning
WARNING: If a serviceability tool is not in use, please run with -Djdk.instrument.traceUsage for more information
WARNING: Dynamic loading of agents will be disallowed by default in a future release
]]></system-err>
  </testcase>
</testsuite>